[000024.org/religions_tree/religions_tree_8.html]
[backblue.gif]
[fade.gif]
[index.html]
[img.000024.org/religions_tree/religions_tree_8_0.png]
[img.000024.org/religions_tree/religions_tree_8_1.png]
[img.000024.org/religions_tree/religions_tree_8_2.png]
[img.000024.org/religions_tree/religions_tree_8_3.png]
[img.000024.org/religions_tree/religions_tree_8_4.png]
[img.000024.org/religions_tree/religions_tree_8_5.png]
[img.000024.org/religions_tree/religions_tree_8_6.png]
[img.000024.org/religions_tree/religions_tree_8_7.png]
[img.000024.org/religions_tree/religions_tree_8_8.png]
[img.000024.org/religions_tree/religions_tree_8_9.png]
[img.000024.org/religions_tree/religions_tree_8_10.png]
[img.000024.org/religions_tree/religions_tree_8_11.png]
[img.000024.org/religions_tree/religions_tree_8_12.png]
[img.000024.org/religions_tree/religions_tree_8_13.png]
[img.000024.org/religions_tree/religions_tree_8_14.png]
[img.000024.org/religions_tree/religions_tree_8_15.png]
[img.000024.org/religions_tree/religions_tree_8_16.png]
[img.000024.org/religions_tree/religions_tree_8_17.png]
[img.000024.org/religions_tree/religions_tree_8_18.png]
[img.000024.org/religions_tree/religions_tree_8_19.png]
[img.000024.org/religions_tree/religions_tree_8_20.png]
[img.000024.org/religions_tree/religions_tree_8_21.png]
[img.000024.org/religions_tree/religions_tree_8_22.png]
[img.000024.org/religions_tree/religions_tree_8_23.png]
[img.000024.org/religions_tree/religions_tree_8_24.png]
[img.000024.org/religions_tree/religions_tree_8_25.png]
[img.000024.org/religions_tree/religions_tree_8_26.png]
[img.000024.org/religions_tree/religions_tree_8_27.png]
[img.000024.org/religions_tree/religions_tree_8_28.png]
[img.000024.org/religions_tree/religions_tree_8_29.png]
[img.000024.org/religions_tree/religions_tree_8_30.png]
[img.000024.org/religions_tree/religions_tree_8_31.png]
[img.000024.org/religions_tree/religions_tree_8_32.png]
[img.000024.org/religions_tree/religions_tree_8_33.png]
[img.000024.org/religions_tree/religions_tree_8_34.png]
[img.000024.org/religions_tree/religions_tree_8_35.png]
[img.000024.org/religions_tree/religions_tree_8_36.png]
[img.000024.org/religions_tree/religions_tree_8_37.png]
[img.000024.org/religions_tree/religions_tree_8_38.png]
[img.000024.org/religions_tree/religions_tree_8_39.png]
[img.000024.org/religions_tree/religions_tree_8_40.png]
[img.000024.org/religions_tree/religions_tree_8_41.png]
[img.000024.org/religions_tree/religions_tree_8_42.png]
[img.000024.org/religions_tree/religions_tree_8_43.png]
[img.000024.org/religions_tree/religions_tree_8_44.png]
[img.000024.org/religions_tree/religions_tree_8_45.png]
[img.000024.org/religions_tree/religions_tree_8_46.png]
[img.000024.org/religions_tree/religions_tree_8_47.png]
[img.000024.org/religions_tree/religions_tree_8_48.png]
[img.000024.org/religions_tree/religions_tree_8_49.png]
[img.000024.org/religions_tree/religions_tree_8_50.png]
[img.000024.org/religions_tree/religions_tree_8_51.png]
[img.000024.org/religions_tree/religions_tree_8_52.png]
[img.000024.org/religions_tree/religions_tree_8_53.png]
[img.000024.org/religions_tree/religions_tree_8_54.png]
[img.000024.org/religions_tree/religions_tree_8_55.png]
[img.000024.org/religions_tree/religions_tree_8_56.png]
[img.000024.org/religions_tree/religions_tree_8_57.png]
[img.000024.org/religions_tree/religions_tree_8_58.png]
[img.000024.org/religions_tree/religions_tree_8_59.png]
[img.000024.org/religions_tree/religions_tree_8_60.png]
[img.000024.org/religions_tree/religions_tree_8_61.png]
[img.000024.org/religions_tree/religions_tree_8_62.png]
[img.000024.org/religions_tree/religions_tree_8_63.png]
[000024.org/religions_tree/religions_tree_8.html]
[img.000024.org/religions_tree/religions_tree_8_18.png]
[img.000024.org/religions_tree/religions_tree_8_19.png]
[img.000024.org/religions_tree/religions_tree_8_42.png]
